#
# There is insufficient memory for the Java Runtime Environment to continue.
# Native memory allocation (mmap) failed to map 268435456 bytes for Failed to commit area from 0x0000000700800000 to 0x0000000710800000 of length 268435456.
# Possible reasons:
#   The system is out of physical RAM or swap space
#   The process is running with CompressedOops enabled, and the Java Heap may be blocking the growth of the native heap
# Possible solutions:
#   Reduce memory load on the system
#   Increase physical memory or swap space
#   Check if swap backing store is full
#   Decrease Java heap size (-Xmx/-Xms)
#   Decrease number of Java threads
#   Decrease Java thread stack sizes (-Xss)
#   Set larger code cache with -XX:ReservedCodeCacheSize=
# This output file may be truncated or incomplete.
#
#  Out of Memory Error (c:/BuildAgent/work/5ff2f6c26000d570/src/hotspot/os/windows/os_windows.cpp:3291), pid=3632, tid=16840
#
# JRE version:  (11.0.5+10) (build )
# Java VM: OpenJDK 64-Bit Server VM (11.0.5+10-b520.30, mixed mode, aot, sharing, tiered, compressed oops, g1 gc, windows-amd64)
# No core dump will be written. Minidumps are not enabled by default on client versions of Windows
#

---------------  S U M M A R Y ------------

Command Line: org.jetbrains.git4idea.http.GitAskPassApp Username for 'https://github.com': 

Host: Intel(R) Core(TM) i5-6500 CPU @ 3.20GHz, 4 cores, 15G,  Windows 10 , 64 bit Build 17763 (10.0.17763.475)
Time: Mon Feb 10 19:13:44 2020 Hora estándar romance elapsed time: 0 seconds (0d 0h 0m 0s)

---------------  T H R E A D  ---------------

Current thread (0x000001dd76efc800):  JavaThread "Unknown thread" [_thread_in_vm, id=16840, stack(0x0000000b43500000,0x0000000b43600000)]

Stack: [0x0000000b43500000,0x0000000b43600000]
Native frames: (J=compiled Java code, j=interpreted, Vv=VM code, C=native code)
V  [jvm.dll+0x5dcafa]
V  [jvm.dll+0x70e375]
V  [jvm.dll+0x70f898]
V  [jvm.dll+0x70ff63]
V  [jvm.dll+0x23e238]
V  [jvm.dll+0x5da1c4]
V  [jvm.dll+0x5cf265]
V  [jvm.dll+0x2fac3b]
V  [jvm.dll+0x2fabaa]
V  [jvm.dll+0x2faa82]
V  [jvm.dll+0x2ff956]
V  [jvm.dll+0x3480d3]
V  [jvm.dll+0x3487d6]
V  [jvm.dll+0x3481d3]
V  [jvm.dll+0x2d5548]
V  [jvm.dll+0x2d66e7]
V  [jvm.dll+0x6ed237]
V  [jvm.dll+0x6eea2c]
V  [jvm.dll+0x355849]
V  [jvm.dll+0x6d239e]
V  [jvm.dll+0x3be283]
V  [jvm.dll+0x3c0701]
C  [jli.dll+0x5363]
C  [ucrtbase.dll+0x21ffa]
C  [KERNEL32.DLL+0x17974]
C  [ntdll.dll+0x6a271]


---------------  P R O C E S S  ---------------

Threads class SMR info:
_java_thread_list=0x000001dd74dd8a10, length=0, elements={
}

Java Threads: ( => current thread )

Other Threads:
  0x000001dd76f16000 GCTaskThread "GC Thread#0" [stack: 0x0000000b43600000,0x0000000b43700000] [id=10416]
  0x000001dd76f72800 ConcurrentGCThread "G1 Main Marker" [stack: 0x0000000b43700000,0x0000000b43800000] [id=2736]
  0x000001dd76f75000 ConcurrentGCThread "G1 Conc#0" [stack: 0x0000000b43800000,0x0000000b43900000] [id=10308]

[error occurred during error reporting (printing all threads), id 0xc0000005, EXCEPTION_ACCESS_VIOLATION (0xc0000005) at pc=0x00007ffb03445c17]

VM state:not at safepoint (not fully initialized)

VM Mutex/Monitor currently owned by a thread:  ([mutex/lock_event])
[0x000001dd76ef9910] Heap_lock - owner thread: 0x000001dd76efc800

Heap address: 0x0000000700800000, size: 4088 MB, Compressed Oops mode: Non-zero based: 0x0000000700800000
Narrow klass base: 0x0000000000000000, Narrow klass shift: 0

GC Heap History (0 events):
No events

Deoptimization events (0 events):
No events

Classes redefined (0 events):
No events

Internal exceptions (0 events):
No events

Events (0 events):
No events


Dynamic libraries:
0x00007ff6a8890000 - 0x00007ff6a889a000 	D:\Program Files\JetBrains\IntelliJ IDEA Community Edition 2019.2.3\jbr\bin\java.exe
0x00007ffb59570000 - 0x00007ffb5975d000 	C:\WINDOWS\SYSTEM32\ntdll.dll
0x00007ffb59110000 - 0x00007ffb591c3000 	C:\WINDOWS\System32\KERNEL32.DLL
0x00007ffb559f0000 - 0x00007ffb55c83000 	C:\WINDOWS\System32\KERNELBASE.dll
0x00007ffb56660000 - 0x00007ffb5675a000 	C:\WINDOWS\System32\ucrtbase.dll
0x00007ffb47e60000 - 0x00007ffb47e79000 	D:\Program Files\JetBrains\IntelliJ IDEA Community Edition 2019.2.3\jbr\bin\jli.dll
0x00007ffb58f10000 - 0x00007ffb590a7000 	C:\WINDOWS\System32\USER32.dll
0x00007ffb56640000 - 0x00007ffb56660000 	C:\WINDOWS\System32\win32u.dll
0x00007ffb574d0000 - 0x00007ffb574f9000 	C:\WINDOWS\System32\GDI32.dll
0x00007ffb47e40000 - 0x00007ffb47e57000 	D:\Program Files\JetBrains\IntelliJ IDEA Community Edition 2019.2.3\jbr\bin\VCRUNTIME140.dll
0x00007ffb55850000 - 0x00007ffb559e9000 	C:\WINDOWS\System32\gdi32full.dll
0x00007ffb556b0000 - 0x00007ffb55750000 	C:\WINDOWS\System32\msvcp_win.dll
0x00007ffb3cbb0000 - 0x00007ffb3ce29000 	C:\WINDOWS\WinSxS\amd64_microsoft.windows.common-controls_6595b64144ccf1df_6.0.17763.973_none_05b245900721eb81\COMCTL32.dll
0x00007ffb56c00000 - 0x00007ffb56c9e000 	C:\WINDOWS\System32\msvcrt.dll
0x00007ffb591e0000 - 0x00007ffb5950c000 	C:\WINDOWS\System32\combase.dll
0x00007ffb56ca0000 - 0x00007ffb56dc2000 	C:\WINDOWS\System32\RPCRT4.dll
0x00007ffb55c90000 - 0x00007ffb55d0e000 	C:\WINDOWS\System32\bcryptPrimitives.dll
0x00007ffb59510000 - 0x00007ffb5953e000 	C:\WINDOWS\System32\IMM32.DLL
0x00007ffb45010000 - 0x00007ffb450ad000 	D:\Program Files\JetBrains\IntelliJ IDEA Community Edition 2019.2.3\jbr\bin\msvcp140.dll
0x00007ffb03160000 - 0x00007ffb03c1b000 	D:\Program Files\JetBrains\IntelliJ IDEA Community Edition 2019.2.3\jbr\bin\server\jvm.dll
0x00007ffb57360000 - 0x00007ffb57403000 	C:\WINDOWS\System32\ADVAPI32.dll
0x00007ffb57410000 - 0x00007ffb574ae000 	C:\WINDOWS\System32\sechost.dll
0x00007ffb591d0000 - 0x00007ffb591d8000 	C:\WINDOWS\System32\PSAPI.DLL
0x00007ffb28cf0000 - 0x00007ffb28cf9000 	C:\WINDOWS\SYSTEM32\WSOCK32.dll
0x00007ffb57640000 - 0x00007ffb576ad000 	C:\WINDOWS\System32\WS2_32.dll
0x00007ffb522d0000 - 0x00007ffb522f4000 	C:\WINDOWS\SYSTEM32\WINMM.dll
0x00007ffb50880000 - 0x00007ffb5088a000 	C:\WINDOWS\SYSTEM32\VERSION.dll
0x00007ffb522a0000 - 0x00007ffb522cd000 	C:\WINDOWS\SYSTEM32\WINMMBASE.dll
0x00007ffb55750000 - 0x00007ffb5579a000 	C:\WINDOWS\System32\cfgmgr32.dll
0x00007ffb55580000 - 0x00007ffb55591000 	C:\WINDOWS\System32\kernel.appcore.dll
0x00007ffb47a50000 - 0x00007ffb47a61000 	D:\Program Files\JetBrains\IntelliJ IDEA Community Edition 2019.2.3\jbr\bin\verify.dll
0x00007ffb4c180000 - 0x00007ffb4c36d000 	C:\WINDOWS\SYSTEM32\DBGHELP.DLL
0x00007ffb4c150000 - 0x00007ffb4c17a000 	C:\WINDOWS\SYSTEM32\dbgcore.DLL
0x00007ffb46a10000 - 0x00007ffb46a39000 	D:\Program Files\JetBrains\IntelliJ IDEA Community Edition 2019.2.3\jbr\bin\java.dll
0x00007ffb46a60000 - 0x00007ffb46a77000 	D:\Program Files\JetBrains\IntelliJ IDEA Community Edition 2019.2.3\jbr\bin\zip.dll
0x00007ffb51f90000 - 0x00007ffb51f9b000 	D:\Program Files\JetBrains\IntelliJ IDEA Community Edition 2019.2.3\jbr\bin\jimage.dll

dbghelp: loaded successfully - version: 4.0.5 - missing functions: none
symbol engine: initialized successfully - sym options: 0x614 - pdb path: .;D:\Program Files\JetBrains\IntelliJ IDEA Community Edition 2019.2.3\jbr\bin;C:\WINDOWS\SYSTEM32;C:\WINDOWS\WinSxS\amd64_microsoft.windows.common-controls_6595b64144ccf1df_6.0.17763.973_none_05b245900721eb81;D:\Program Files\JetBrains\IntelliJ IDEA Community Edition 2019.2.3\jbr\bin\server

VM Arguments:
java_command: org.jetbrains.git4idea.http.GitAskPassApp Username for 'https://github.com': 
java_class_path (initial): D:/Program Files/JetBrains/IntelliJ IDEA Community Edition 2019.2.3/plugins/git4idea/lib/git4idea-rt.jar;D:/Program Files/JetBrains/IntelliJ IDEA Community Edition 2019.2.3/lib/xmlrpc-2.0.1.jar;D:/Program Files/JetBrains/IntelliJ IDEA Community Edition 2019.2.3/lib/commons-codec-1.13.jar;D:/Program Files/JetBrains/IntelliJ IDEA Community Edition 2019.2.3/lib/util.jar
Launcher Type: SUN_STANDARD

[Global flags]
     intx CICompilerCount                          = 3                                         {product} {ergonomic}
     uint ConcGCThreads                            = 1                                         {product} {ergonomic}
     uint G1ConcRefinementThreads                  = 4                                         {product} {ergonomic}
   size_t G1HeapRegionSize                         = 1048576                                   {product} {ergonomic}
    uintx GCDrainStackTargetSize                   = 64                                        {product} {ergonomic}
   size_t InitialHeapSize                          = 268435456                                 {product} {ergonomic}
   size_t MarkStackSize                            = 4194304                                   {product} {ergonomic}
   size_t MaxHeapSize                              = 4286578688                                {product} {ergonomic}
   size_t MinHeapDeltaBytes                        = 1048576                                   {product} {ergonomic}
    uintx NonNMethodCodeHeapSize                   = 5830732                                {pd product} {ergonomic}
    uintx NonProfiledCodeHeapSize                  = 122913754                              {pd product} {ergonomic}
    uintx ProfiledCodeHeapSize                     = 122913754                              {pd product} {ergonomic}
    uintx ReservedCodeCacheSize                    = 251658240                              {pd product} {ergonomic}
     bool SegmentedCodeCache                       = true                                      {product} {ergonomic}
     bool UseCompressedClassPointers               = true                                 {lp64_product} {ergonomic}
     bool UseCompressedOops                        = true                                 {lp64_product} {ergonomic}
     bool UseG1GC                                  = true                                      {product} {ergonomic}
     bool UseLargePagesIndividualAllocation        = false                                  {pd product} {ergonomic}

Logging:
Log output configuration:
 #0: stdout all=warning uptime,level,tags
 #1: stderr all=off uptime,level,tags

Environment Variables:
JAVA_HOME=C:\Program Files\Java\jdk1.8.0_121
PATH=D:\Program Files\Git\mingw64\libexec\git-core;D:\Program Files\Git\mingw64\libexec\git-core;D:\Program Files\Git\mingw64\bin;D:\Program Files\Git\usr\bin;C:\Users\Seba\bin;D:\oraclexe\app\oracle\product\11.2.0\server\bin;C:\Program Files (x86)\Common Files\Oracle\Java\javapath;C:\ProgramData\Oracle\Java\javapath;C:\Windows\system32;C:\Windows;C:\Windows\System32\Wbem;C:\Windows\System32\WindowsPowerShell\v1.0;C:\MinGW\bin;C:\Program Files (x86)\Smart Projects\IsoBuster;C:\WINDOWS\system32;C:\WINDOWS;C:\WINDOWS\System32\Wbem;C:\WINDOWS\System32\WindowsPowerShell\v1.0;C:\WINDOWS\system32;C:\WINDOWS;C:\WINDOWS\System32\Wbem;C:\WINDOWS\System32\WindowsPowerShell\v1.0;C:\WINDOWS\System32\OpenSSH;C:\Program Files\NVIDIA Corporation\NVIDIA NvDLISR;C:\Program Files (x86)\NVIDIA Corporation\PhysX\Common;C:\Program Files\Maven\apache-maven-3.6.3\bin;C:\Program Files\Docker\Docker\resources\bin;C:\ProgramData\DockerDesktop\version-bin;C:\Users\Seba\AppData\Local\Microsoft\WindowsApps;D:\Program Files\Microsoft VS Code\bin
USERNAME=Seba
DISPLAY=:0.0
OS=Windows_NT
PROCESSOR_IDENTIFIER=Intel64 Family 6 Model 94 Stepping 3, GenuineIntel



---------------  S Y S T E M  ---------------

OS: Windows 10 , 64 bit Build 17763 (10.0.17763.475)
HyperV virtualization detected

CPU:total 4 (initial active 4) (4 cores per cpu, 1 threads per core) family 6 model 94 stepping 3, cmov, cx8, fxsr, mmx, sse, sse2, sse3, ssse3, sse4.1, sse4.2, popcnt, avx, avx2, aes, clmul, erms, rtm, 3dnowpref, lzcnt, tsc, tscinvbit, bmi1, bmi2, adx, fma

Memory: 4k page, system-wide physical 16347M (4522M free)
TotalPageFile size 16347M (AvailPageFile size 224M)
current process WorkingSet (physical memory assigned to process): 9M, peak: 9M
current process commit charge ("private bytes"): 52M, peak: 308M

vm_info: OpenJDK 64-Bit Server VM (11.0.5+10-b520.30) for windows-amd64 JRE (11.0.5+10-b520.30), built on Dec 24 2019 12:06:09 by "" with MS VC++ 14.0 (VS2015)

END.
